<?xml version="1.0" encoding="UTF-8"?>
<!-- Generated by org.testng.reporters.JUnitReportReporter -->
<testsuite hostname="DESKTOP-G7UGTMV" failures="0" tests="1" name="jpetstore.Jpetstoretestinghomepage" time="32.867" errors="0" timestamp="2024-12-08T17:31:02 CST" skipped="0">
  <testcase classname="jpetstore.Jpetstoretestinghomepage" name="jpetstoretestinghomepage" time="32.867"/>
  <system-out/>
</testsuite> <!-- jpetstore.Jpetstoretestinghomepage -->
