<?xml version="1.0" encoding="UTF-8"?>
<!-- Generated by org.testng.reporters.JUnitReportReporter -->
<testsuite hostname="DESKTOP-G7UGTMV" failures="0" tests="1" name="jpetstore.JpetstoreTestingpage" time="18.634" errors="0" timestamp="2024-12-08T17:31:02 CST" skipped="0">
  <testcase classname="jpetstore.JpetstoreTestingpage" name="jpetstoretestingpage" time="18.634"/>
  <system-out/>
</testsuite> <!-- jpetstore.JpetstoreTestingpage -->
